\BOOKMARK [0][-]{chapter.1}{Introducci\363n a los SS.C.VV.}{}
\BOOKMARK [1][-]{section.1.1}{\277Qu\351 es un S.C.VV.?}{chapter.1}
\BOOKMARK [1][-]{section.1.2}{\277Para qu\351 sirve un S.C.VV.?}{chapter.1}
\BOOKMARK [2][-]{subsection.1.2.1}{Ejemplo de grupo de desarrollo sin Sistema de Control de Versiones}{section.1.2}
\BOOKMARK [2][-]{subsection.1.2.2}{Ejemplos en el Software Libre}{section.1.2}
\BOOKMARK [1][-]{section.1.3}{Tipos de Sistemas de Control de Versiones}{chapter.1}
\BOOKMARK [2][-]{subsection.1.3.1}{Sistemas centralizados}{section.1.3}
\BOOKMARK [2][-]{subsection.1.3.2}{Sistemas distribuidos}{section.1.3}
\BOOKMARK [0][-]{chapter.2}{Funcionamiento para el cliente}{}
\BOOKMARK [1][-]{section.2.1}{Introducci\363n al cliente en un SCV}{chapter.2}
\BOOKMARK [2][-]{subsection.2.1.1}{T\351rminos b\341sicos}{section.2.1}
\BOOKMARK [1][-]{section.2.2}{Ciclo de trabajo con SCV centralizado: Subversion}{chapter.2}
\BOOKMARK [1][-]{section.2.3}{Ciclo de trabajo con SCV distribuido: Git}{chapter.2}
\BOOKMARK [0][-]{chapter.3}{El servidor en Sistemas Centralizados}{}
\BOOKMARK [1][-]{section.3.1}{Introducci\363n}{chapter.3}
\BOOKMARK [2][-]{subsection.3.1.1}{Los paradigmas en Sistemas de Control de Versiones}{section.3.1}
\BOOKMARK [2][-]{subsection.3.1.2}{Sistemas centralizados}{section.3.1}
\BOOKMARK [1][-]{section.3.2}{El enfoque Centralizado}{chapter.3}
\BOOKMARK [1][-]{section.3.3}{CVS}{chapter.3}
\BOOKMARK [2][-]{subsection.3.3.1}{Introducci\363n}{section.3.3}
\BOOKMARK [2][-]{subsection.3.3.2}{Caracter\355sticas}{section.3.3}
\BOOKMARK [2][-]{subsection.3.3.3}{Estado actual}{section.3.3}
\BOOKMARK [2][-]{subsection.3.3.4}{Limitaciones del protocolo CVS}{section.3.3}
\BOOKMARK [2][-]{subsection.3.3.5}{Requisitos m\355nimos}{section.3.3}
\BOOKMARK [2][-]{subsection.3.3.6}{Utilizaci\363n y comandos}{section.3.3}
\BOOKMARK [1][-]{section.3.4}{SVN}{chapter.3}
\BOOKMARK [2][-]{subsection.3.4.1}{Ventajas}{section.3.4}
\BOOKMARK [2][-]{subsection.3.4.2}{Carencias}{section.3.4}
\BOOKMARK [2][-]{subsection.3.4.3}{Instalaci\363n de SVN}{section.3.4}
\BOOKMARK [2][-]{subsection.3.4.4}{Utilizaci\363n y manejo}{section.3.4}
\BOOKMARK [0][-]{chapter.4}{El servidor en Sistemas Distribuidos}{}
\BOOKMARK [1][-]{section.4.1}{Sistemas de Control de Versiones Distribuidos DCVS}{chapter.4}
\BOOKMARK [2][-]{subsection.4.1.1}{Introducci\363n}{section.4.1}
\BOOKMARK [2][-]{subsection.4.1.2}{Diferencias entre DCVS y CVS}{section.4.1}
\BOOKMARK [2][-]{subsection.4.1.3}{C\363mo funcionan}{section.4.1}
\BOOKMARK [2][-]{subsection.4.1.4}{Diferentes DCVS}{section.4.1}
\BOOKMARK [2][-]{subsection.4.1.5}{GIT}{section.4.1}
\BOOKMARK [2][-]{subsection.4.1.6}{Mercurial}{section.4.1}
\BOOKMARK [0][-]{subsection.4.1.6}{Bibliografia y referencias}{}
\BOOKMARK [0][-]{section*.12}{GNU Free Documentation License}{}
\BOOKMARK [1][-]{section*.13}{1. APPLICABILITY AND DEFINITIONS}{section*.12}
\BOOKMARK [1][-]{section*.14}{2. VERBATIM COPYING}{section*.12}
\BOOKMARK [1][-]{section*.15}{3. COPYING IN QUANTITY}{section*.12}
\BOOKMARK [1][-]{section*.16}{4. MODIFICATIONS}{section*.12}
\BOOKMARK [1][-]{section*.17}{5. COMBINING DOCUMENTS}{section*.12}
\BOOKMARK [1][-]{section*.18}{6. COLLECTIONS OF DOCUMENTS}{section*.12}
\BOOKMARK [1][-]{section*.19}{7. AGGREGATION WITH INDEPENDENT WORKS}{section*.12}
\BOOKMARK [1][-]{section*.20}{8. TRANSLATION}{section*.12}
\BOOKMARK [1][-]{section*.21}{9. TERMINATION}{section*.12}
\BOOKMARK [1][-]{section*.22}{10. FUTURE REVISIONS OF THIS LICENSE}{section*.12}
\BOOKMARK [1][-]{section*.23}{11. RELICENSING}{section*.12}
\BOOKMARK [1][-]{section*.24}{ADDENDUM: How to use this License for your documents}{section*.12}
